2014-12-3 23:38:33 org.apache.coyote.AbstractProtocol init
信息: Initializing ProtocolHandler ["http-bio-8081"]
2014-12-3 23:38:33 org.apache.coyote.AbstractProtocol init
信息: Initializing ProtocolHandler ["ajp-bio-8019"]
2014-12-3 23:38:33 org.apache.catalina.core.StandardService startInternal
信息: Starting service Catalina
2014-12-3 23:38:33 org.apache.catalina.core.StandardEngine startInternal
信息: Starting Servlet Engine: Apache Tomcat/7.0.39
2014-12-3 23:38:33 org.apache.catalina.startup.HostConfig deployDescriptor
信息: Deploying configuration descriptor C:\Users\Administrator\Desktop\artifactory\tomcat\conf\Catalina\localhost\artifactory.xml
2014-12-3 23:38:33 org.apache.catalina.startup.HostConfig deployDescriptor
警告: A docBase C:\Users\Administrator\Desktop\artifactory\tomcat\webapps\${artifactory.home}\webapps\artifactory.war inside the host appBase has been specified, and will be ignored
2014-12-3 23:38:40 org.apache.catalina.core.StandardContext startInternal
严重: Error listenerStart
2014-12-3 23:38:40 org.apache.catalina.core.StandardContext startInternal
严重: Context [/artifactory] startup failed due to previous errors
2014-12-3 23:38:40 org.apache.catalina.loader.WebappClassLoader clearReferencesJdbc
严重: The web application [/artifactory] registered the JDBC driver [org.apache.derby.jdbc.AutoloadedDriver40] but failed to unregister it when the web application was stopped. To prevent a memory leak, the JDBC Driver has been forcibly unregistered.
2014-12-3 23:38:40 org.apache.catalina.startup.HostConfig deployDirectory
信息: Deploying web application directory C:\Users\Administrator\Desktop\artifactory\tomcat\webapps\ROOT
2014-12-3 23:38:40 org.apache.coyote.AbstractProtocol start
信息: Starting ProtocolHandler ["http-bio-8081"]
2014-12-3 23:38:40 org.apache.coyote.AbstractProtocol start
信息: Starting ProtocolHandler ["ajp-bio-8019"]
2014-12-3 23:47:58 org.apache.coyote.AbstractProtocol init
信息: Initializing ProtocolHandler ["http-bio-8081"]
2014-12-3 23:47:59 org.apache.coyote.AbstractProtocol init
信息: Initializing ProtocolHandler ["ajp-bio-8019"]
2014-12-3 23:47:59 org.apache.catalina.core.StandardService startInternal
信息: Starting service Catalina
2014-12-3 23:47:59 org.apache.catalina.core.StandardEngine startInternal
信息: Starting Servlet Engine: Apache Tomcat/7.0.39
2014-12-3 23:47:59 org.apache.catalina.startup.HostConfig deployDescriptor
信息: Deploying configuration descriptor C:\Users\Administrator\Desktop\artifactory\tomcat\conf\Catalina\localhost\artifactory.xml
2014-12-3 23:47:59 org.apache.catalina.startup.HostConfig deployDescriptor
警告: A docBase C:\Users\Administrator\Desktop\artifactory\tomcat\webapps\${artifactory.home}\webapps\artifactory.war inside the host appBase has been specified, and will be ignored
2014-12-3 23:48:03 org.apache.catalina.core.StandardContext startInternal
严重: Error listenerStart
2014-12-3 23:48:03 org.apache.catalina.core.StandardContext startInternal
严重: Context [/artifactory] startup failed due to previous errors
2014-12-3 23:48:03 org.apache.catalina.loader.WebappClassLoader clearReferencesJdbc
严重: The web application [/artifactory] registered the JDBC driver [org.apache.derby.jdbc.AutoloadedDriver40] but failed to unregister it when the web application was stopped. To prevent a memory leak, the JDBC Driver has been forcibly unregistered.
2014-12-3 23:48:03 org.apache.catalina.startup.HostConfig deployDirectory
信息: Deploying web application directory C:\Users\Administrator\Desktop\artifactory\tomcat\webapps\ROOT
2014-12-3 23:48:03 org.apache.coyote.AbstractProtocol start
信息: Starting ProtocolHandler ["http-bio-8081"]
2014-12-3 23:48:03 org.apache.coyote.AbstractProtocol start
信息: Starting ProtocolHandler ["ajp-bio-8019"]
2014-12-3 23:49:49 org.apache.coyote.AbstractProtocol init
信息: Initializing ProtocolHandler ["http-bio-8081"]
2014-12-3 23:49:49 org.apache.coyote.AbstractProtocol init
信息: Initializing ProtocolHandler ["ajp-bio-8019"]
2014-12-3 23:49:49 org.apache.catalina.core.StandardService startInternal
信息: Starting service Catalina
2014-12-3 23:49:49 org.apache.catalina.core.StandardEngine startInternal
信息: Starting Servlet Engine: Apache Tomcat/7.0.39
2014-12-3 23:49:49 org.apache.catalina.startup.HostConfig deployDescriptor
信息: Deploying configuration descriptor C:\Users\Administrator\Desktop\artifactory\tomcat\conf\Catalina\localhost\artifactory.xml
2014-12-3 23:49:49 org.apache.catalina.startup.HostConfig deployDescriptor
警告: A docBase C:\Users\Administrator\Desktop\artifactory\tomcat\webapps\${artifactory.home}\webapps\artifactory.war inside the host appBase has been specified, and will be ignored
2014-12-3 23:50:01 org.apache.coyote.AbstractProtocol init
信息: Initializing ProtocolHandler ["http-bio-8081"]
2014-12-3 23:50:01 org.apache.coyote.AbstractProtocol init
信息: Initializing ProtocolHandler ["ajp-bio-8019"]
2014-12-3 23:50:01 org.apache.catalina.core.StandardService startInternal
信息: Starting service Catalina
2014-12-3 23:50:01 org.apache.catalina.core.StandardEngine startInternal
信息: Starting Servlet Engine: Apache Tomcat/7.0.39
2014-12-3 23:50:01 org.apache.catalina.startup.HostConfig deployDescriptor
信息: Deploying configuration descriptor C:\Users\Administrator\Desktop\artifactory\tomcat\conf\Catalina\localhost\artifactory.xml
2014-12-3 23:50:01 org.apache.catalina.startup.HostConfig deployDescriptor
警告: A docBase C:\Users\Administrator\Desktop\artifactory\tomcat\webapps\${artifactory.home}\webapps\artifactory.war inside the host appBase has been specified, and will be ignored
2014-12-3 23:50:06 org.apache.catalina.startup.HostConfig deployDirectory
信息: Deploying web application directory C:\Users\Administrator\Desktop\artifactory\tomcat\webapps\ROOT
2014-12-3 23:50:06 org.apache.coyote.AbstractProtocol start
信息: Starting ProtocolHandler ["http-bio-8081"]
2014-12-3 23:50:06 org.apache.coyote.AbstractProtocol start
信息: Starting ProtocolHandler ["ajp-bio-8019"]
2014-12-3 23:53:53 org.apache.coyote.ajp.AjpMessage processHeader
严重: Invalid message received with signature 18245
