2014-12-3 23:38:40 org.apache.catalina.core.ApplicationContext log
信息: No Spring WebApplicationInitializer types detected on classpath
2014-12-3 23:38:40 org.apache.catalina.core.StandardContext listenerStart
严重: Error configuring application listener of class org.artifactory.webapp.servlet.ArtifactoryHomeConfigListener
java.lang.UnsupportedClassVersionError: org/artifactory/webapp/servlet/ArtifactoryHomeConfigListener : Unsupported major.minor version 51.0 (unable to load class org.artifactory.webapp.servlet.ArtifactoryHomeConfigListener)
	at org.apache.catalina.loader.WebappClassLoader.findClassInternal(WebappClassLoader.java:2892)
	at org.apache.catalina.loader.WebappClassLoader.findClass(WebappClassLoader.java:1172)
	at org.apache.catalina.loader.WebappClassLoader.loadClass(WebappClassLoader.java:1680)
	at org.apache.catalina.loader.WebappClassLoader.loadClass(WebappClassLoader.java:1558)
	at org.apache.catalina.core.DefaultInstanceManager.loadClass(DefaultInstanceManager.java:527)
	at org.apache.catalina.core.DefaultInstanceManager.loadClassMaybePrivileged(DefaultInstanceManager.java:509)
	at org.apache.catalina.core.DefaultInstanceManager.newInstance(DefaultInstanceManager.java:137)
	at org.apache.catalina.core.StandardContext.listenerStart(StandardContext.java:4823)
	at org.apache.catalina.core.StandardContext.startInternal(StandardContext.java:5381)
	at org.apache.catalina.util.LifecycleBase.start(LifecycleBase.java:150)
	at org.apache.catalina.core.ContainerBase.addChildInternal(ContainerBase.java:901)
	at org.apache.catalina.core.ContainerBase.addChild(ContainerBase.java:877)
	at org.apache.catalina.core.StandardHost.addChild(StandardHost.java:633)
	at org.apache.catalina.startup.HostConfig.deployDescriptor(HostConfig.java:657)
	at org.apache.catalina.startup.HostConfig$DeployDescriptor.run(HostConfig.java:1637)
	at java.util.concurrent.Executors$RunnableAdapter.call(Executors.java:441)
	at java.util.concurrent.FutureTask$Sync.innerRun(FutureTask.java:303)
	at java.util.concurrent.FutureTask.run(FutureTask.java:138)
	at java.util.concurrent.ThreadPoolExecutor$Worker.runTask(ThreadPoolExecutor.java:886)
	at java.util.concurrent.ThreadPoolExecutor$Worker.run(ThreadPoolExecutor.java:908)
	at java.lang.Thread.run(Thread.java:662)
2014-12-3 23:38:40 org.apache.catalina.core.StandardContext listenerStart
严重: Error configuring application listener of class org.artifactory.webapp.servlet.logback.LogbackConfigListener
java.lang.UnsupportedClassVersionError: org/artifactory/webapp/servlet/logback/LogbackConfigListener : Unsupported major.minor version 51.0 (unable to load class org.artifactory.webapp.servlet.logback.LogbackConfigListener)
	at org.apache.catalina.loader.WebappClassLoader.findClassInternal(WebappClassLoader.java:2892)
	at org.apache.catalina.loader.WebappClassLoader.findClass(WebappClassLoader.java:1172)
	at org.apache.catalina.loader.WebappClassLoader.loadClass(WebappClassLoader.java:1680)
	at org.apache.catalina.loader.WebappClassLoader.loadClass(WebappClassLoader.java:1558)
	at org.apache.catalina.core.DefaultInstanceManager.loadClass(DefaultInstanceManager.java:527)
	at org.apache.catalina.core.DefaultInstanceManager.loadClassMaybePrivileged(DefaultInstanceManager.java:509)
	at org.apache.catalina.core.DefaultInstanceManager.newInstance(DefaultInstanceManager.java:137)
	at org.apache.catalina.core.StandardContext.listenerStart(StandardContext.java:4823)
	at org.apache.catalina.core.StandardContext.startInternal(StandardContext.java:5381)
	at org.apache.catalina.util.LifecycleBase.start(LifecycleBase.java:150)
	at org.apache.catalina.core.ContainerBase.addChildInternal(ContainerBase.java:901)
	at org.apache.catalina.core.ContainerBase.addChild(ContainerBase.java:877)
	at org.apache.catalina.core.StandardHost.addChild(StandardHost.java:633)
	at org.apache.catalina.startup.HostConfig.deployDescriptor(HostConfig.java:657)
	at org.apache.catalina.startup.HostConfig$DeployDescriptor.run(HostConfig.java:1637)
	at java.util.concurrent.Executors$RunnableAdapter.call(Executors.java:441)
	at java.util.concurrent.FutureTask$Sync.innerRun(FutureTask.java:303)
	at java.util.concurrent.FutureTask.run(FutureTask.java:138)
	at java.util.concurrent.ThreadPoolExecutor$Worker.runTask(ThreadPoolExecutor.java:886)
	at java.util.concurrent.ThreadPoolExecutor$Worker.run(ThreadPoolExecutor.java:908)
	at java.lang.Thread.run(Thread.java:662)
2014-12-3 23:38:40 org.apache.catalina.core.StandardContext listenerStart
严重: Error configuring application listener of class org.artifactory.webapp.servlet.ArtifactoryContextConfigListener
java.lang.UnsupportedClassVersionError: org/artifactory/webapp/servlet/ArtifactoryContextConfigListener : Unsupported major.minor version 51.0 (unable to load class org.artifactory.webapp.servlet.ArtifactoryContextConfigListener)
	at org.apache.catalina.loader.WebappClassLoader.findClassInternal(WebappClassLoader.java:2892)
	at org.apache.catalina.loader.WebappClassLoader.findClass(WebappClassLoader.java:1172)
	at org.apache.catalina.loader.WebappClassLoader.loadClass(WebappClassLoader.java:1680)
	at org.apache.catalina.loader.WebappClassLoader.loadClass(WebappClassLoader.java:1558)
	at org.apache.catalina.core.DefaultInstanceManager.loadClass(DefaultInstanceManager.java:527)
	at org.apache.catalina.core.DefaultInstanceManager.loadClassMaybePrivileged(DefaultInstanceManager.java:509)
	at org.apache.catalina.core.DefaultInstanceManager.newInstance(DefaultInstanceManager.java:137)
	at org.apache.catalina.core.StandardContext.listenerStart(StandardContext.java:4823)
	at org.apache.catalina.core.StandardContext.startInternal(StandardContext.java:5381)
	at org.apache.catalina.util.LifecycleBase.start(LifecycleBase.java:150)
	at org.apache.catalina.core.ContainerBase.addChildInternal(ContainerBase.java:901)
	at org.apache.catalina.core.ContainerBase.addChild(ContainerBase.java:877)
	at org.apache.catalina.core.StandardHost.addChild(StandardHost.java:633)
	at org.apache.catalina.startup.HostConfig.deployDescriptor(HostConfig.java:657)
	at org.apache.catalina.startup.HostConfig$DeployDescriptor.run(HostConfig.java:1637)
	at java.util.concurrent.Executors$RunnableAdapter.call(Executors.java:441)
	at java.util.concurrent.FutureTask$Sync.innerRun(FutureTask.java:303)
	at java.util.concurrent.FutureTask.run(FutureTask.java:138)
	at java.util.concurrent.ThreadPoolExecutor$Worker.runTask(ThreadPoolExecutor.java:886)
	at java.util.concurrent.ThreadPoolExecutor$Worker.run(ThreadPoolExecutor.java:908)
	at java.lang.Thread.run(Thread.java:662)
2014-12-3 23:38:40 org.apache.catalina.core.StandardContext listenerStart
严重: Skipped installing application listeners due to previous error(s)
2014-12-3 23:48:03 org.apache.catalina.core.ApplicationContext log
信息: No Spring WebApplicationInitializer types detected on classpath
2014-12-3 23:48:03 org.apache.catalina.core.StandardContext listenerStart
严重: Error configuring application listener of class org.artifactory.webapp.servlet.ArtifactoryHomeConfigListener
java.lang.UnsupportedClassVersionError: org/artifactory/webapp/servlet/ArtifactoryHomeConfigListener : Unsupported major.minor version 51.0 (unable to load class org.artifactory.webapp.servlet.ArtifactoryHomeConfigListener)
	at org.apache.catalina.loader.WebappClassLoader.findClassInternal(WebappClassLoader.java:2892)
	at org.apache.catalina.loader.WebappClassLoader.findClass(WebappClassLoader.java:1172)
	at org.apache.catalina.loader.WebappClassLoader.loadClass(WebappClassLoader.java:1680)
	at org.apache.catalina.loader.WebappClassLoader.loadClass(WebappClassLoader.java:1558)
	at org.apache.catalina.core.DefaultInstanceManager.loadClass(DefaultInstanceManager.java:527)
	at org.apache.catalina.core.DefaultInstanceManager.loadClassMaybePrivileged(DefaultInstanceManager.java:509)
	at org.apache.catalina.core.DefaultInstanceManager.newInstance(DefaultInstanceManager.java:137)
	at org.apache.catalina.core.StandardContext.listenerStart(StandardContext.java:4823)
	at org.apache.catalina.core.StandardContext.startInternal(StandardContext.java:5381)
	at org.apache.catalina.util.LifecycleBase.start(LifecycleBase.java:150)
	at org.apache.catalina.core.ContainerBase.addChildInternal(ContainerBase.java:901)
	at org.apache.catalina.core.ContainerBase.addChild(ContainerBase.java:877)
	at org.apache.catalina.core.StandardHost.addChild(StandardHost.java:633)
	at org.apache.catalina.startup.HostConfig.deployDescriptor(HostConfig.java:657)
	at org.apache.catalina.startup.HostConfig$DeployDescriptor.run(HostConfig.java:1637)
	at java.util.concurrent.Executors$RunnableAdapter.call(Executors.java:441)
	at java.util.concurrent.FutureTask$Sync.innerRun(FutureTask.java:303)
	at java.util.concurrent.FutureTask.run(FutureTask.java:138)
	at java.util.concurrent.ThreadPoolExecutor$Worker.runTask(ThreadPoolExecutor.java:886)
	at java.util.concurrent.ThreadPoolExecutor$Worker.run(ThreadPoolExecutor.java:908)
	at java.lang.Thread.run(Thread.java:662)
2014-12-3 23:48:03 org.apache.catalina.core.StandardContext listenerStart
严重: Error configuring application listener of class org.artifactory.webapp.servlet.logback.LogbackConfigListener
java.lang.UnsupportedClassVersionError: org/artifactory/webapp/servlet/logback/LogbackConfigListener : Unsupported major.minor version 51.0 (unable to load class org.artifactory.webapp.servlet.logback.LogbackConfigListener)
	at org.apache.catalina.loader.WebappClassLoader.findClassInternal(WebappClassLoader.java:2892)
	at org.apache.catalina.loader.WebappClassLoader.findClass(WebappClassLoader.java:1172)
	at org.apache.catalina.loader.WebappClassLoader.loadClass(WebappClassLoader.java:1680)
	at org.apache.catalina.loader.WebappClassLoader.loadClass(WebappClassLoader.java:1558)
	at org.apache.catalina.core.DefaultInstanceManager.loadClass(DefaultInstanceManager.java:527)
	at org.apache.catalina.core.DefaultInstanceManager.loadClassMaybePrivileged(DefaultInstanceManager.java:509)
	at org.apache.catalina.core.DefaultInstanceManager.newInstance(DefaultInstanceManager.java:137)
	at org.apache.catalina.core.StandardContext.listenerStart(StandardContext.java:4823)
	at org.apache.catalina.core.StandardContext.startInternal(StandardContext.java:5381)
	at org.apache.catalina.util.LifecycleBase.start(LifecycleBase.java:150)
	at org.apache.catalina.core.ContainerBase.addChildInternal(ContainerBase.java:901)
	at org.apache.catalina.core.ContainerBase.addChild(ContainerBase.java:877)
	at org.apache.catalina.core.StandardHost.addChild(StandardHost.java:633)
	at org.apache.catalina.startup.HostConfig.deployDescriptor(HostConfig.java:657)
	at org.apache.catalina.startup.HostConfig$DeployDescriptor.run(HostConfig.java:1637)
	at java.util.concurrent.Executors$RunnableAdapter.call(Executors.java:441)
	at java.util.concurrent.FutureTask$Sync.innerRun(FutureTask.java:303)
	at java.util.concurrent.FutureTask.run(FutureTask.java:138)
	at java.util.concurrent.ThreadPoolExecutor$Worker.runTask(ThreadPoolExecutor.java:886)
	at java.util.concurrent.ThreadPoolExecutor$Worker.run(ThreadPoolExecutor.java:908)
	at java.lang.Thread.run(Thread.java:662)
2014-12-3 23:48:03 org.apache.catalina.core.StandardContext listenerStart
严重: Error configuring application listener of class org.artifactory.webapp.servlet.ArtifactoryContextConfigListener
java.lang.UnsupportedClassVersionError: org/artifactory/webapp/servlet/ArtifactoryContextConfigListener : Unsupported major.minor version 51.0 (unable to load class org.artifactory.webapp.servlet.ArtifactoryContextConfigListener)
	at org.apache.catalina.loader.WebappClassLoader.findClassInternal(WebappClassLoader.java:2892)
	at org.apache.catalina.loader.WebappClassLoader.findClass(WebappClassLoader.java:1172)
	at org.apache.catalina.loader.WebappClassLoader.loadClass(WebappClassLoader.java:1680)
	at org.apache.catalina.loader.WebappClassLoader.loadClass(WebappClassLoader.java:1558)
	at org.apache.catalina.core.DefaultInstanceManager.loadClass(DefaultInstanceManager.java:527)
	at org.apache.catalina.core.DefaultInstanceManager.loadClassMaybePrivileged(DefaultInstanceManager.java:509)
	at org.apache.catalina.core.DefaultInstanceManager.newInstance(DefaultInstanceManager.java:137)
	at org.apache.catalina.core.StandardContext.listenerStart(StandardContext.java:4823)
	at org.apache.catalina.core.StandardContext.startInternal(StandardContext.java:5381)
	at org.apache.catalina.util.LifecycleBase.start(LifecycleBase.java:150)
	at org.apache.catalina.core.ContainerBase.addChildInternal(ContainerBase.java:901)
	at org.apache.catalina.core.ContainerBase.addChild(ContainerBase.java:877)
	at org.apache.catalina.core.StandardHost.addChild(StandardHost.java:633)
	at org.apache.catalina.startup.HostConfig.deployDescriptor(HostConfig.java:657)
	at org.apache.catalina.startup.HostConfig$DeployDescriptor.run(HostConfig.java:1637)
	at java.util.concurrent.Executors$RunnableAdapter.call(Executors.java:441)
	at java.util.concurrent.FutureTask$Sync.innerRun(FutureTask.java:303)
	at java.util.concurrent.FutureTask.run(FutureTask.java:138)
	at java.util.concurrent.ThreadPoolExecutor$Worker.runTask(ThreadPoolExecutor.java:886)
	at java.util.concurrent.ThreadPoolExecutor$Worker.run(ThreadPoolExecutor.java:908)
	at java.lang.Thread.run(Thread.java:662)
2014-12-3 23:48:03 org.apache.catalina.core.StandardContext listenerStart
严重: Skipped installing application listeners due to previous error(s)
2014-12-3 23:50:06 org.apache.catalina.core.ApplicationContext log
信息: No Spring WebApplicationInitializer types detected on classpath
